../ncmls/cmip6/FGOALS-g3/ssp126/day/CMIP6_CMIP_CAS_FGOALS-g3_ssp126_r1i1p1f1_gn_day.ncml,tas
../ncmls/cmip6/FGOALS-g3/ssp126/day/CMIP6_CMIP_CAS_FGOALS-g3_ssp126_r1i1p1f1_gn_day.ncml,tasmax
../ncmls/cmip6/FGOALS-g3/ssp126/day/CMIP6_CMIP_CAS_FGOALS-g3_ssp126_r1i1p1f1_gn_day.ncml,tasmin
../ncmls/cmip6/FGOALS-g3/ssp245/day/CMIP6_CMIP_CAS_FGOALS-g3_ssp245_r1i1p1f1_gn_day.ncml,tas
../ncmls/cmip6/FGOALS-g3/ssp245/day/CMIP6_CMIP_CAS_FGOALS-g3_ssp245_r1i1p1f1_gn_day.ncml,tasmax
../ncmls/cmip6/FGOALS-g3/ssp245/day/CMIP6_CMIP_CAS_FGOALS-g3_ssp245_r1i1p1f1_gn_day.ncml,tasmin
../ncmls/cmip6/FGOALS-g3/ssp585/day/CMIP6_CMIP_CAS_FGOALS-g3_ssp585_r1i1p1f1_gn_day.ncml,tas
../ncmls/cmip6/FGOALS-g3/ssp585/day/CMIP6_CMIP_CAS_FGOALS-g3_ssp585_r1i1p1f1_gn_day.ncml,tasmax
../ncmls/cmip6/FGOALS-g3/ssp585/day/CMIP6_CMIP_CAS_FGOALS-g3_ssp585_r1i1p1f1_gn_day.ncml,tasmin
../ncmls/cmip6/EC-Earth3/historical/Amon/CMIP6_CMIP_EC-Earth-Consortium_EC-Earth3_historical_r21i1p1f1_gr_Amon.ncml,pr
../ncmls/cmip6/EC-Earth3/historical/Amon/CMIP6_CMIP_EC-Earth-Consortium_EC-Earth3_historical_r21i1p1f1_gr_Amon.ncml,tas
../ncmls/cmip6/EC-Earth3/historical/Amon/CMIP6_CMIP_EC-Earth-Consortium_EC-Earth3_historical_r21i1p1f1_gr_Amon.ncml,tasmax
../ncmls/cmip6/EC-Earth3/historical/Amon/CMIP6_CMIP_EC-Earth-Consortium_EC-Earth3_historical_r21i1p1f1_gr_Amon.ncml,tasmin
../ncmls/cmip6/EC-Earth3/historical/day/CMIP6_CMIP_EC-Earth-Consortium_EC-Earth3_historical_r21i1p1f1_gr_day.ncml,pr
../ncmls/cmip6/EC-Earth3/historical/day/CMIP6_CMIP_EC-Earth-Consortium_EC-Earth3_historical_r21i1p1f1_gr_day.ncml,tasmax
../ncmls/cmip6/EC-Earth3/historical/day/CMIP6_CMIP_EC-Earth-Consortium_EC-Earth3_historical_r24i1p1f1_gr_day.ncml,tas
../ncmls/cmip6/NorESM2-LM/historical/day/CMIP6_CMIP_NCC_NorESM2-LM_historical_r1i1p1f1_gn_day.ncml,pr
../ncmls/cmip6/NorESM2-LM/historical/day/CMIP6_CMIP_NCC_NorESM2-LM_historical_r1i1p1f1_gn_day.ncml,tas
../ncmls/cmip6/SAM0-UNICON/historical/day/CMIP6_CMIP_SNU_SAM0-UNICON_historical_r1i1p1f1_gn_day.ncml,pr
../ncmls/cmip6/SAM0-UNICON/historical/day/CMIP6_CMIP_SNU_SAM0-UNICON_historical_r1i1p1f1_gn_day.ncml,tas,Exception
../ncmls/cmip6/SAM0-UNICON/historical/day/CMIP6_CMIP_SNU_SAM0-UNICON_historical_r1i1p1f1_gn_day.ncml,tasmax
../ncmls/cmip6/SAM0-UNICON/historical/day/CMIP6_CMIP_SNU_SAM0-UNICON_historical_r1i1p1f1_gn_day.ncml,tasmin
../ncmls/cmip6/CanESM5/ssp126/Amon/CMIP6_ScenarioMIP_CCCma_CanESM5_ssp126_r1i1p1f1_gn_Amon.ncml,pr,Exception
../ncmls/cmip6/CanESM5/ssp126/Amon/CMIP6_ScenarioMIP_CCCma_CanESM5_ssp126_r1i1p1f1_gn_Amon.ncml,tas,Exception
../ncmls/cmip6/CanESM5/ssp126/Amon/CMIP6_ScenarioMIP_CCCma_CanESM5_ssp126_r1i1p1f1_gn_Amon.ncml,tasmax,Exception
../ncmls/cmip6/CanESM5/ssp126/Amon/CMIP6_ScenarioMIP_CCCma_CanESM5_ssp126_r1i1p1f1_gn_Amon.ncml,tasmin,Exception
../ncmls/cmip6/CanESM5/ssp126/day/CMIP6_ScenarioMIP_CCCma_CanESM5_ssp126_r1i1p1f1_gn_day.ncml,pr,Exception
../ncmls/cmip6/CanESM5/ssp126/day/CMIP6_ScenarioMIP_CCCma_CanESM5_ssp126_r1i1p1f1_gn_day.ncml,tas,Exception
../ncmls/cmip6/CanESM5/ssp126/day/CMIP6_ScenarioMIP_CCCma_CanESM5_ssp126_r1i1p1f1_gn_day.ncml,tasmax,Exception
../ncmls/cmip6/CanESM5/ssp126/day/CMIP6_ScenarioMIP_CCCma_CanESM5_ssp126_r1i1p1f1_gn_day.ncml,tasmin,Exception
../ncmls/cmip6/CanESM5/ssp585/Amon/CMIP6_ScenarioMIP_CCCma_CanESM5_ssp585_r1i1p1f1_gn_Amon.ncml,pr,Exception
../ncmls/cmip6/CanESM5/ssp585/Amon/CMIP6_ScenarioMIP_CCCma_CanESM5_ssp585_r1i1p1f1_gn_Amon.ncml,tas,Exception
../ncmls/cmip6/CanESM5/ssp585/Amon/CMIP6_ScenarioMIP_CCCma_CanESM5_ssp585_r1i1p1f1_gn_Amon.ncml,tasmax,Exception
../ncmls/cmip6/CanESM5/ssp585/Amon/CMIP6_ScenarioMIP_CCCma_CanESM5_ssp585_r1i1p1f1_gn_Amon.ncml,tasmin,Exception
../ncmls/cmip6/CNRM-ESM2-1/ssp126/Amon/CMIP6_ScenarioMIP_CNRM-CERFACS_CNRM-ESM2-1_ssp126_r4i1p1f2_gr_Amon.ncml,pr
../ncmls/cmip6/CNRM-ESM2-1/ssp126/Amon/CMIP6_ScenarioMIP_CNRM-CERFACS_CNRM-ESM2-1_ssp126_r4i1p1f2_gr_Amon.ncml,tas
../ncmls/cmip6/CNRM-ESM2-1/ssp126/Amon/CMIP6_ScenarioMIP_CNRM-CERFACS_CNRM-ESM2-1_ssp126_r4i1p1f2_gr_Amon.ncml,tasmax
../ncmls/cmip6/CNRM-ESM2-1/ssp126/Amon/CMIP6_ScenarioMIP_CNRM-CERFACS_CNRM-ESM2-1_ssp126_r4i1p1f2_gr_Amon.ncml,tasmin
../ncmls/cmip6/CNRM-ESM2-1/ssp126/day/CMIP6_ScenarioMIP_CNRM-CERFACS_CNRM-ESM2-1_ssp126_r4i1p1f2_gr_day.ncml,tas
../ncmls/cmip6/CNRM-ESM2-1/ssp370/day/CMIP6_ScenarioMIP_CNRM-CERFACS_CNRM-ESM2-1_ssp370_r1i1p1f2_gr_day.ncml,tas
../ncmls/cmip6/EC-Earth3/ssp245/day/CMIP6_ScenarioMIP_EC-Earth-Consortium_EC-Earth3_ssp245_r15i1p1f1_gr_day.ncml,tas
../ncmls/cmip6/EC-Earth3/ssp585/day/CMIP6_ScenarioMIP_EC-Earth-Consortium_EC-Earth3_ssp585_r6i1p1f1_gr_day.ncml,tasmin
../ncmls/cmip6/CESM2/ssp126/day/CMIP6_ScenarioMIP_NCAR_CESM2_ssp126_r1i1p1f1_gn_day.ncml,tasmax
../ncmls/cmip6/CESM2/ssp126/day/CMIP6_ScenarioMIP_NCAR_CESM2_ssp126_r1i1p1f1_gn_day.ncml,tasmin
../ncmls/cmip6/CESM2/ssp245/day/CMIP6_ScenarioMIP_NCAR_CESM2_ssp245_r1i1p1f1_gn_day.ncml,tasmax
../ncmls/cmip6/CESM2/ssp245/day/CMIP6_ScenarioMIP_NCAR_CESM2_ssp245_r1i1p1f1_gn_day.ncml,tasmin
../ncmls/cmip6/CESM2/ssp370/day/CMIP6_ScenarioMIP_NCAR_CESM2_ssp370_r1i1p1f1_gn_day.ncml,tasmax
../ncmls/cmip6/CESM2/ssp370/day/CMIP6_ScenarioMIP_NCAR_CESM2_ssp370_r1i1p1f1_gn_day.ncml,tasmin
../ncmls/cmip6/CESM2/ssp370/day/CMIP6_ScenarioMIP_NCAR_CESM2_ssp370_r2i1p1f1_gn_day.ncml,tasmax
../ncmls/cmip6/CESM2/ssp370/day/CMIP6_ScenarioMIP_NCAR_CESM2_ssp370_r2i1p1f1_gn_day.ncml,tasmin
../ncmls/cmip6/CESM2/ssp585/day/CMIP6_ScenarioMIP_NCAR_CESM2_ssp585_r1i1p1f1_gn_day.ncml,tasmax
../ncmls/cmip6/CESM2/ssp585/day/CMIP6_ScenarioMIP_NCAR_CESM2_ssp585_r1i1p1f1_gn_day.ncml,tasmin
../ncmls/cmip6/CESM2/ssp585/day/CMIP6_ScenarioMIP_NCAR_CESM2_ssp585_r2i1p1f1_gn_day.ncml,tasmax
../ncmls/cmip6/CESM2-WACCM/ssp370/day/CMIP6_ScenarioMIP_NCAR_CESM2-WACCM_ssp370_r3i1p1f1_gn_day.ncml,pr
../ncmls/cmip6/CESM2-WACCM/ssp370/day/CMIP6_ScenarioMIP_NCAR_CESM2-WACCM_ssp370_r3i1p1f1_gn_day.ncml,tas
